<?xml version="1.0" encoding="UTF-8"?>
<testng-results skipped="0" failed="0" total="1" passed="1">
  <reporter-output>
  </reporter-output>
  <suite name="Default suite" duration-ms="10301" started-at="2016-10-31T20:47:33Z" finished-at="2016-10-31T20:47:43Z">
    <groups>
    </groups>
    <test name="Default test" duration-ms="10301" started-at="2016-10-31T20:47:33Z" finished-at="2016-10-31T20:47:43Z">
      <class name="Tests.logintest">
        <test-method status="PASS" signature="correct_login()[pri:0, instance:Tests.logintest@33a10788]" name="correct_login" duration-ms="10281" started-at="2016-10-31T16:47:33Z" finished-at="2016-10-31T16:47:43Z">
          <reporter-output>
          </reporter-output>
        </test-method> <!-- correct_login -->
      </class> <!-- Tests.logintest -->
    </test> <!-- Default test -->
  </suite> <!-- Default suite -->
</testng-results>
